<?xml version="1.0" encoding="UTF-8"?>
<!-- Generated by org.testng.reporters.JUnitXMLReporter -->
<testsuite ignored="0" hostname="DESKTOP-U4CTL14" failures="0" tests="1" name="YatraAutomationTestCases" time="0.289" errors="0" timestamp="2023-08-02T20:31:43 IST">
  <testcase classname="TestBase.BaseClass" name="@BeforeClass setup" time="0.016">
    <failure type="java.util.MissingResourceException" message="Can&amp;apos;t find bundle for base name config, locale en_US">
      <![CDATA[java.util.MissingResourceException: Can't find bundle for base name config, locale en_US
at java.base/java.util.ResourceBundle.throwMissingResourceException(ResourceBundle.java:2045)
at java.base/java.util.ResourceBundle.getBundleImpl(ResourceBundle.java:1683)
at java.base/java.util.ResourceBundle.getBundleImpl(ResourceBundle.java:1586)
at java.base/java.util.ResourceBundle.getBundleImpl(ResourceBundle.java:1549)
at java.base/java.util.ResourceBundle.getBundle(ResourceBundle.java:932)
at TestBase.BaseClass.setup(BaseClass.java:44)
at java.base/java.util.ArrayList.forEach(ArrayList.java:1511)
... Removed 25 stack frames]]>
    </failure>
  </testcase> <!-- @BeforeClass setup -->
  <testcase classname="TestBase.BaseClass" name="@AfterClass browsershutdown" time="0.0">
    <skipped/>
  </testcase> <!-- @AfterClass browsershutdown -->
  <testcase classname="TestCases.TC_002_FilterFlights" name="Filter_Flight" time="0.0">
    <skipped/>
  </testcase> <!-- Filter_Flight -->
</testsuite> <!-- YatraAutomationTestCases -->
