<?xml version="1.0" encoding="UTF-8"?>
<testng-results ignored="0" total="1" passed="1" failed="0" skipped="0">
  <reporter-output>
  </reporter-output>
  <suite started-at="2023-08-15T23:00:34 IST" name="Default suite" finished-at="2023-08-15T23:00:52 IST" duration-ms="18146">
    <groups>
    </groups>
    <test started-at="2023-08-15T23:00:34 IST" name="Default test" finished-at="2023-08-15T23:00:52 IST" duration-ms="18146">
      <class name="TestCases.sampletest">
        <test-method signature="testsample()[pri:0, instance:TestCases.sampletest@712625fd]" started-at="2023-08-15T23:00:34 IST" name="testsample" finished-at="2023-08-15T23:00:52 IST" duration-ms="18078" status="PASS">
          <reporter-output>
          </reporter-output>
        </test-method> <!-- testsample -->
      </class> <!-- TestCases.sampletest -->
    </test> <!-- Default test -->
  </suite> <!-- Default suite -->
</testng-results>
